2023.03.21 13:53:55 INFO  Started: Metals version 0.11.11 in workspace 'D:\git\yian\kafka-practice' for client Visual Studio Code 1.76.1.[0m
SLF4J: No SLF4J providers were found.
SLF4J: Defaulting to no-operation (NOP) logger implementation
SLF4J: See https://www.slf4j.org/codes.html#noProviders for further details.
SLF4J: Class path contains SLF4J bindings targeting slf4j-api versions 1.7.x or earlier.
SLF4J: Ignoring binding found at [jar:file:/C:/Users/vivaf/AppData/Local/Coursier/cache/v1/https/repo1.maven.org/maven2/com/outr/scribe-slf4j_2.13/3.11.0/scribe-slf4j_2.13-3.11.0.jar!/org/slf4j/impl/StaticLoggerBinder.class]
SLF4J: See https://www.slf4j.org/codes.html#ignoredBindings for an explanation.
2023.03.21 13:53:55 INFO  time: initialize in 0.59s[0m
2023.03.21 13:53:56 WARN  Build server is not auto-connectable.[0m
2023.03.21 13:53:56 WARN  no build tool detected in workspace 'D:\git\yian\kafka-practice'. The most common cause for this problem is that the editor was opened in the wrong working directory, for example if you use sbt then the workspace directory should contain build.sbt. [0m
2023.03.21 13:53:56 WARN  no build target for: D:\git\yian\kafka-practice\kafka-scala-sample\src\main\scala\io\yian\kafka\ScalaProducerExample.scala[0m
2023.03.21 13:54:03 INFO  no build target found for D:\git\yian\kafka-practice\kafka-scala-sample\src\main\scala\io\yian\kafka\ScalaProducerExample.scala. Using presentation compiler with project's scala-library version: 3.2.2[0m
2023.03.21 13:54:07 INFO  time: code lens generation in 10s[0m
2023.03.21 15:35:27 INFO  Shutting down server[0m
2023.03.21 15:35:27 INFO  shutting down Metals[0m
2023.03.21 15:35:27 INFO  Exiting server[0m
2023.03.22 17:22:50 INFO  Started: Metals version 0.11.11 in workspace 'D:\git\yian\kafka-practice' for client Visual Studio Code 1.76.2.[0m
SLF4J: No SLF4J providers were found.
SLF4J: Defaulting to no-operation (NOP) logger implementation
SLF4J: See https://www.slf4j.org/codes.html#noProviders for further details.
SLF4J: Class path contains SLF4J bindings targeting slf4j-api versions 1.7.x or earlier.
SLF4J: Ignoring binding found at [jar:file:/C:/Users/vivaf/AppData/Local/Coursier/cache/v1/https/repo1.maven.org/maven2/com/outr/scribe-slf4j_2.13/3.11.0/scribe-slf4j_2.13-3.11.0.jar!/org/slf4j/impl/StaticLoggerBinder.class]
SLF4J: See https://www.slf4j.org/codes.html#ignoredBindings for an explanation.
2023.03.22 17:22:51 INFO  time: initialize in 0.88s[0m
2023.03.22 17:22:51 WARN  Build server is not auto-connectable.[0m
2023.03.22 17:22:51 WARN  no build tool detected in workspace 'D:\git\yian\kafka-practice'. The most common cause for this problem is that the editor was opened in the wrong working directory, for example if you use sbt then the workspace directory should contain build.sbt. [0m
2023.03.22 17:28:51 WARN  no build target for: D:\git\yian\kafka-practice\kafka-scala-sample\src\main\scala\io\yian\kafka\ScalaConsumerExample.scala[0m
2023.03.22 17:28:52 WARN  no build target for: D:\git\yian\kafka-practice\kafka-scala-sample\src\main\scala\io\yian\kafka\ScalaProducerExample.scala[0m
2023.03.22 17:28:56 INFO  no build target found for D:\git\yian\kafka-practice\kafka-scala-sample\src\main\scala\io\yian\kafka\ScalaConsumerExample.scala. Using presentation compiler with project's scala-library version: 3.2.2[0m
2023.03.22 17:28:59 INFO  time: code lens generation in 4.25s[0m
2023.03.22 17:28:59 INFO  time: code lens generation in 6.56s[0m
2023.03.22 17:28:59 INFO  time: code lens generation in 6.84s[0m
2023.03.22 17:28:59 INFO  time: code lens generation in 7.25s[0m
2023.03.22 17:29:39 WARN  no build target for: D:\git\yian\kafka-practice\kafka-scala-sample\build.sbt[0m
3¿ù 22, 2023 6:16:16 ¿ÀÈÄ org.eclipse.lsp4j.jsonrpc.RemoteEndpoint handleCancellation
°æ°í: Unmatched cancel notification for request id 49
2023.03.23 18:05:15 INFO  Started: Metals version 0.11.11 in workspace 'D:\git\yian\kafka-practice' for client Visual Studio Code 1.76.2.[0m
SLF4J: No SLF4J providers were found.
SLF4J: Defaulting to no-operation (NOP) logger implementation
SLF4J: See https://www.slf4j.org/codes.html#noProviders for further details.
SLF4J: Class path contains SLF4J bindings targeting slf4j-api versions 1.7.x or earlier.
SLF4J: Ignoring binding found at [jar:file:/C:/Users/vivaf/AppData/Local/Coursier/cache/v1/https/repo1.maven.org/maven2/com/outr/scribe-slf4j_2.13/3.11.0/scribe-slf4j_2.13-3.11.0.jar!/org/slf4j/impl/StaticLoggerBinder.class]
SLF4J: See https://www.slf4j.org/codes.html#ignoredBindings for an explanation.
2023.03.30 18:14:29 INFO  Started: Metals version 0.11.11 in workspace 'D:\git\yian\kafka-practice' for client Visual Studio Code 1.76.2.
SLF4J: No SLF4J providers were found.
SLF4J: Defaulting to no-operation (NOP) logger implementation
SLF4J: See https://www.slf4j.org/codes.html#noProviders for further details.
SLF4J: Class path contains SLF4J bindings targeting slf4j-api versions 1.7.x or earlier.
SLF4J: Ignoring binding found at [jar:file:/C:/Users/vivaf/AppData/Local/Coursier/cache/v1/https/repo1.maven.org/maven2/com/outr/scribe-slf4j_2.13/3.11.0/scribe-slf4j_2.13-3.11.0.jar!/org/slf4j/impl/StaticLoggerBinder.class]
SLF4J: See https://www.slf4j.org/codes.html#ignoredBindings for an explanation.
2023.03.30 18:14:33 INFO  time: initialize in 4.58s
2023.03.30 18:14:33 WARN  Build server is not auto-connectable.
2023.03.30 18:14:33 WARN  no build tool detected in workspace 'D:\git\yian\kafka-practice'. The most common cause for this problem is that the editor was opened in the wrong working directory, for example if you use sbt then the workspace directory should contain build.sbt. 
2023.03.30 18:26:21 INFO  Shutting down server
2023.03.30 18:26:21 INFO  shutting down Metals
2023.03.30 18:26:21 INFO  Exiting server
